<?xml version="1.0" encoding="UTF-8"?>
<testsuite name="agh.ii.prinjava.lab02.exc02_01.impl.LinkedListBasedImplTest" tests="1" skipped="0" failures="0" errors="0" timestamp="2021-09-22T14:23:19" hostname="LAPTOP-6IPBO6EK" time="0.0">
  <properties/>
  <testcase name="newStackIsEmpty()" classname="agh.ii.prinjava.lab02.exc02_01.impl.LinkedListBasedImplTest" time="0.0"/>
  <system-out><![CDATA[]]></system-out>
  <system-err><![CDATA[]]></system-err>
</testsuite>
