<?xml version="1.0" encoding="UTF-8"?>
<testsuite name="agh.ii.prinjava.lab04.exc04_01.PairTest" tests="1" skipped="0" failures="0" errors="0" timestamp="2021-10-21T22:02:42" hostname="LAPTOP-6IPBO6EK" time="0.012">
  <properties/>
  <testcase name="t1()" classname="agh.ii.prinjava.lab04.exc04_01.PairTest" time="0.012"/>
  <system-out><![CDATA[]]></system-out>
  <system-err><![CDATA[]]></system-err>
</testsuite>
